<?xml version="1.0" encoding="UTF-8"?>
<!-- Generated by org.testng.reporters.JUnitReportReporter -->
<testsuite hostname="LAPTOP-D304C2VQ" failures="0" tests="1" name="testCases.PlaceOrderTest" time="24.942" errors="0" timestamp="2024-09-18T11:33:34 IST" skipped="0">
  <testcase classname="testCases.PlaceOrderTest" name="order" time="24.942"/>
  <system-out/>
</testsuite> <!-- testCases.PlaceOrderTest -->
