<?xml version="1.0" encoding="UTF-8"?>
<!-- Generated by org.testng.reporters.JUnitReportReporter -->
<testsuite hostname="LAPTOP-D304C2VQ" failures="0" tests="1" name="testCases.LoginTestCase" time="11.088" errors="0" timestamp="2024-09-18T11:19:36 IST" skipped="0">
  <testcase classname="testCases.LoginTestCase" name="openRegistrationPage" time="11.088"/>
  <system-out/>
</testsuite> <!-- testCases.LoginTestCase -->
