<?xml version="1.0" encoding="UTF-8"?>
<!-- Generated by org.testng.reporters.JUnitReportReporter -->
<testsuite hostname="LAPTOP-D304C2VQ" failures="0" tests="1" name="testCases.RegistrationTest" time="13.057" errors="0" timestamp="2024-09-17T14:46:48 IST" skipped="0">
  <testcase classname="testCases.RegistrationTest" name="openRegistrationPage" time="13.057"/>
  <system-out/>
</testsuite> <!-- testCases.RegistrationTest -->
